\BOOKMARK [0][-]{Doc-Start}{\376\377\000L\036\335\000i\000\040\000c\000a\000m\000\040\000k\036\277\000t}{}% 1
\BOOKMARK [0][-]{Doc-Start}{\376\377\000L\036\335\000i\000\040\000c\036\243\000m\000\040\001\241\000n}{}% 2
\BOOKMARK [0][-]{Doc-Start}{\376\377\000L\036\335\000i\000\040\000g\000i\036\333\000i\000\040\000t\000h\000i\036\307\000u}{}% 3
\BOOKMARK [0][-]{chapter*.1}{\376\377\000M\036\345\000c\000\040\000l\036\345\000c}{}% 4
\BOOKMARK [0][-]{chapter*.2}{\376\377\000D\000a\000n\000h\000\040\000s\000\341\000c\000h\000\040\000h\000\354\000n\000h\000\040\000v\036\275}{}% 5
\BOOKMARK [0][-]{chapter*.3}{\376\377\000D\000a\000n\000h\000\040\000s\000\341\000c\000h\000\040\000b\000a\000n\000g}{}% 6
\BOOKMARK [0][-]{chapter*.4}{\376\377\000D\000a\000n\000h\000\040\000m\036\345\000c\000\040\000c\000h\036\357\000\040\000v\000i\036\277\000t\000\040\000t\036\257\000t}{}% 7
\BOOKMARK [0][-]{chapter.1}{\376\377\000G\000i\036\333\000i\000\040\000t\000h\000i\036\307\000u\000\040\001\021\036\301\000\040\000t\000\340\000i}{}% 8
\BOOKMARK [1][-]{section.1.1}{\376\377\000T\000\355\000n\000h\000\040\000c\036\245\000p\000\040\000t\000h\000i\036\277\000t\000\040\000c\036\347\000a\000\040\001\021\036\301\000\040\000t\000\340\000i}{chapter.1}% 9
\BOOKMARK [1][-]{section.1.2}{\376\377\000M\036\345\000c\000\040\000t\000i\000\352\000u\000\040\000c\036\347\000a\000\040\001\021\036\301\000\040\000t\000\340\000i}{chapter.1}% 10
\BOOKMARK [1][-]{section.1.3}{\376\377\000P\000h\001\260\001\241\000n\000g\000\040\000p\000h\000\341\000p\000\040\000t\000h\036\361\000c\000\040\000h\000i\036\307\000n\000\040\001\021\036\301\000\040\000t\000\340\000i}{chapter.1}% 11
\BOOKMARK [1][-]{section.1.4}{\376\377\000B\036\321\000\040\000c\036\345\000c}{chapter.1}% 12
\BOOKMARK [0][-]{chapter.2}{\376\377\000N\000h\036\357\000n\000g\000\040\000c\000\364\000n\000g\000\040\000t\000r\000\354\000n\000h\000\040\000l\000i\000\352\000n\000\040\000q\000u\000a\000n}{}% 13
\BOOKMARK [0][-]{chapter.3}{\376\377\000N\036\301\000n\000\040\000t\036\243\000n\000g\000\040\000l\000\375\000\040\000t\000h\000u\000y\036\277\000t}{}% 14
\BOOKMARK [1][-]{section.3.1}{\376\377\000K\000i\036\277\000n\000\040\000t\000h\036\351\000c\000\040\000n\036\301\000n\000\040\000t\036\243\000n\000g}{chapter.3}% 15
\BOOKMARK [2][-]{subsection.3.1.1}{\376\377\001\020\036\241\000i\000\040\000s\036\321\000\040\000t\000u\000y\036\277\000n\000\040\000t\000\355\000n\000h}{section.3.1}% 16
\BOOKMARK [2][-]{subsection.3.1.2}{\376\377\000X\000\341\000c\000\040\000s\000u\036\245\000t\000\040\000t\000h\036\321\000n\000g\000\040\000k\000\352}{section.3.1}% 17
\BOOKMARK [2][-]{subsection.3.1.3}{\376\377\000C\000\341\000c\000\040\000l\000\375\000\040\000t\000h\000u\000y\036\277\000t\000\040\001\021\036\321\000i\000\040\000v\036\333\000i\000\040\000V\000e\000c\000t\000o\000r}{section.3.1}% 18
\BOOKMARK [2][-]{subsection.3.1.4}{\376\377\000C\000\341\000c\000\040\000l\000\375\000\040\000t\000h\000u\000y\036\277\000t\000\040\001\021\036\321\000i\000\040\000v\036\333\000i\000\040\000m\000a\000\040\000t\000r\036\255\000n}{section.3.1}% 19
\BOOKMARK [2][-]{subsection.3.1.5}{\376\377\000P\000h\001\260\001\241\000n\000g\000\040\000p\000h\000\341\000p\000\040\000L\000a\000g\000r\000a\000n\000g\000i\000a\000n}{section.3.1}% 20
\BOOKMARK [1][-]{section.3.2}{\376\377\000H\036\315\000c\000\040\000m\000\341\000y}{chapter.3}% 21
\BOOKMARK [2][-]{subsection.3.2.1}{\376\377\000K\000h\000\341\000i\000\040\000n\000i\036\307\000m\000\040\000c\001\241\000\040\000b\036\243\000n}{section.3.2}% 22
\BOOKMARK [2][-]{subsection.3.2.2}{\376\377\000S\000u\000p\000e\000r\000v\000i\000s\000e\000d\000\040\000L\000e\000a\000r\000n\000i\000n\000g\000\040\000-\000\040\000U\000n\000s\000u\000p\000e\000r\000v\000i\000s\000e\000d\000\040\000L\000e\000a\000r\000n\000i\000n\000g}{section.3.2}% 23
\BOOKMARK [1][-]{section.3.3}{\376\377\000C\000\341\000c\000\040\000t\000h\000u\036\255\000t\000\040\000t\000o\000\341\000n\000\040\000t\000h\000u\000\040\000g\000i\036\243\000m\000\040\000s\036\321\000\040\000c\000h\000i\036\301\000u}{chapter.3}% 24
\BOOKMARK [2][-]{subsection.3.3.1}{\376\377\000P\000r\000i\000n\000c\000i\000p\000a\000l\000\040\000C\000o\000m\000p\000o\000n\000e\000n\000t\000\040\000A\000n\000a\000l\000y\000s\000i\000s\000\040\000-\000\040\000P\000C\000A}{section.3.3}% 25
\BOOKMARK [2][-]{subsection.3.3.2}{\376\377\000S\000i\000n\000g\000u\000l\000a\000r\000\040\000V\000a\000l\000u\000e\000\040\000D\000e\000c\000o\000m\000p\000o\000s\000i\000t\000i\000o\000n\000\040\000-\000\040\000S\000V\000D}{section.3.3}% 26
\BOOKMARK [1][-]{section.3.4}{\376\377\000T\036\325\000n\000g\000\040\000q\000u\000a\000n\000\040\000v\036\301\000\040\000h\036\307\000\040\000t\000h\036\321\000n\000g\000\040\000p\000h\000\341\000t\000\040\000h\000i\036\307\000n\000\040\000x\000\342\000m\000\040\000n\000h\036\255\000p\000\040\000t\000r\000\352\000n\000\040\000h\000o\000s\000t\000\040\000-\000\040\000H\000I\000D\000S}{chapter.3}% 27
\BOOKMARK [2][-]{subsection.3.4.1}{\376\377\000K\000h\000\341\000i\000\040\000n\000i\036\307\000m\000\040\000v\036\301\000\040\000h\036\307\000\040\000t\000h\036\321\000n\000g\000\040\000p\000h\000\341\000t\000\040\000h\000i\036\307\000n\000\040\000x\000\342\000m\000\040\000n\000h\036\255\000p\000\040\000-\000\040\000I\000D\000S}{section.3.4}% 28
\BOOKMARK [2][-]{subsection.3.4.2}{\376\377\000H\036\307\000\040\000t\000h\036\321\000n\000g\000\040\000p\000h\000\341\000t\000\040\000h\000i\036\307\000n\000\040\000x\000\342\000m\000\040\000n\000h\036\255\000p\000\040\000t\000r\000\352\000n\000\040\000m\036\241\000n\000g\000\040\000-\000\040\000N\000I\000D\000S}{section.3.4}% 29
\BOOKMARK [2][-]{subsection.3.4.3}{\376\377\000H\036\307\000\040\000t\000h\036\321\000n\000g\000\040\000p\000h\000\341\000t\000\040\000h\000i\036\307\000n\000\040\000x\000\342\000m\000\040\000n\000h\036\255\000p\000\040\000t\000r\000\352\000n\000\040\000h\000o\000s\000t\000\040\000-\000\040\000H\000I\000D\000S}{section.3.4}% 30
\BOOKMARK [2][-]{subsection.3.4.4}{\376\377\000H\000\354\000n\000h\000\040\000t\000h\036\351\000c\000\040\000p\000h\000\341\000t\000\040\000h\000i\036\307\000n\000\040\000x\000\342\000m\000\040\000n\000h\036\255\000p}{section.3.4}% 31
\BOOKMARK [2][-]{subsection.3.4.5}{\376\377\000C\000\341\000c\000\040\000c\000h\036\351\000c\000\040\000n\001\003\000n\000g\000\040\000c\000h\000\355\000n\000h\000\040\000t\000r\000o\000n\000g\000\040\000H\000I\000D\000S}{section.3.4}% 32
\BOOKMARK [0][-]{chapter.4}{\376\377\000C\000\341\000c\000\040\000g\000i\036\243\000i\000\040\000t\000h\000u\036\255\000t\000\040\000g\000o\000m\000\040\000c\036\345\000m}{}% 33
\BOOKMARK [1][-]{section.4.1}{\376\377\000G\000i\036\243\000i\000\040\000t\000h\000u\036\255\000t\000\040\000K\000-\000M\000e\000a\000n\000s}{chapter.4}% 34
\BOOKMARK [1][-]{section.4.2}{\376\377\000G\000i\036\243\000i\000\040\000t\000h\000u\036\255\000t\000\040\000k\036\277\000t\000\040\000h\036\343\000p\000\040\000G\000a\000u\000s\000s\000i\000a\000n\000\040\000v\000\340\000\040\000E\000M\000\040\000\050\000M\000i\000x\000t\000u\000r\000e\000\040\000o\000f\000\040\000G\000a\000u\000s\000s\000i\000a\000n\000s\000\040\000a\000n\000d\000\040\000t\000h\000e\000\040\000E\000M\000\040\000A\000l\000g\000o\000r\000i\000t\000h\000m\000\051}{chapter.4}% 35
\BOOKMARK [1][-]{section.4.3}{\376\377\000G\000i\036\243\000i\000\040\000t\000h\000u\036\255\000t\000\040\000S\000e\000l\000f\000\040\000O\000r\000g\000a\000n\000i\000z\000i\000n\000g\000\040\000M\000a\000p\000s\000\040\000-\000\040\000S\000O\000M}{chapter.4}% 36
\BOOKMARK [2][-]{subsection.4.3.1}{\376\377\000G\000i\036\333\000i\000\040\000t\000h\000i\036\307\000u}{section.4.3}% 37
\BOOKMARK [2][-]{subsection.4.3.2}{\376\377\000T\000h\000\340\000n\000h\000\040\000p\000h\036\247\000n\000\040\000c\036\347\000a\000\040\000S\000O\000M}{section.4.3}% 38
\BOOKMARK [2][-]{subsection.4.3.3}{\376\377\000V\000\355\000\040\000d\036\345\000\040\000c\036\347\000a\000\040\000S\000O\000M}{section.4.3}% 39
\BOOKMARK [2][-]{subsection.4.3.4}{\376\377\036\350\000n\000g\000\040\000d\036\345\000n\000g\000\040\000c\036\347\000a\000\040\000S\000O\000M}{section.4.3}% 40
\BOOKMARK [0][-]{chapter.5}{\376\377\000H\036\307\000\040\000t\000h\036\321\000n\000g\000\040\000p\000h\000\341\000t\000\040\000h\000i\036\307\000n\000\040\000x\000\342\000m\000\040\000n\000h\036\255\000p\000\040\000O\000S\000S\000E\000C}{}% 41
\BOOKMARK [1][-]{section.5.1}{\376\377\000T\036\325\000n\000g\000\040\000q\000u\000a\000n\000\040\000v\036\301\000\040\000O\000S\000S\000E\000C}{chapter.5}% 42
\BOOKMARK [1][-]{section.5.2}{\376\377\000M\000\364\000\040\000h\000\354\000n\000h\000\040\000c\036\347\000a\000\040\000O\000S\000S\000E\000C}{chapter.5}% 43
\BOOKMARK [2][-]{subsection.5.2.1}{\376\377\000M\000\364\000\040\000h\000\354\000n\000h\000\040\000l\000o\000c\000a\000l}{section.5.2}% 44
\BOOKMARK [2][-]{subsection.5.2.2}{\376\377\000M\000\364\000\040\000h\000\354\000n\000h\000\040\000s\000e\000r\000v\000e\000r}{section.5.2}% 45
\BOOKMARK [1][-]{section.5.3}{\376\377\000C\000\341\000c\000h\000\040\000t\000h\036\351\000c\000\040\000h\000o\036\241\000t\000\040\001\021\036\331\000n\000g\000\040\000t\000r\000o\000n\000g\000\040\000O\000S\000S\000E\000C}{chapter.5}% 46
\BOOKMARK [2][-]{subsection.5.3.1}{\376\377\000N\000h\036\255\000n\000\040\000e\000v\000e\000n\000t}{section.5.3}% 47
\BOOKMARK [2][-]{subsection.5.3.2}{\376\377\000R\000\372\000t\000\040\000t\000r\000\355\000c\000h\000\040\000d\036\357\000\040\000l\000i\036\307\000u}{section.5.3}% 48
\BOOKMARK [2][-]{subsection.5.3.3}{\376\377\000R\000u\000l\000e\000\040\000m\000a\000t\000c\000h\000i\000n\000g}{section.5.3}% 49
\BOOKMARK [1][-]{section.5.4}{\376\377\000V\036\301\000\040\000r\000u\000l\000e\000s\000\040\000t\000r\000o\000n\000g\000\040\000O\000S\000S\000E\000C}{chapter.5}% 50
\BOOKMARK [2][-]{subsection.5.4.1}{\376\377\000\040\000V\036\301\000\040\000I\000D}{section.5.4}% 51
\BOOKMARK [2][-]{subsection.5.4.2}{\376\377\000V\036\301\000\040\000m\036\351\000c}{section.5.4}% 52
\BOOKMARK [2][-]{subsection.5.4.3}{\376\377\000A\000t\000o\000m\000i\000c\000\040\000r\000u\000l\000e\000s}{section.5.4}% 53
\BOOKMARK [2][-]{subsection.5.4.4}{\376\377\000C\000o\000m\000p\000o\000s\000i\000t\000e\000\040\000r\000u\000l\000e\000s}{section.5.4}% 54
\BOOKMARK [1][-]{section.5.5}{\376\377\000C\000\341\000c\000h\000\040\000t\000h\036\351\000c\000\040\000c\036\245\000u\000\040\000h\000\354\000n\000h\000\040\001\021\036\303\000\040\000O\000S\000S\000E\000C\000\040\000h\000o\036\241\000t\000\040\001\021\036\331\000n\000g}{chapter.5}% 55
\BOOKMARK [1][-]{section.5.6}{\376\377\000C\000\341\000c\000\040\000m\000o\000d\000u\000l\000e\000\040\000t\000r\000o\000n\000g\000\040\000O\000S\000S\000E\000C}{chapter.5}% 56
\BOOKMARK [2][-]{subsection.5.6.1}{\376\377\000L\000o\000g\000\040\000a\000l\000e\000r\000t\000\040\000v\000\340\000\040\000e\000m\000a\000i\000l\000\040\000a\000l\000e\000r\000t}{section.5.6}% 57
\BOOKMARK [2][-]{subsection.5.6.2}{\376\377\000X\000\341\000c\000\040\001\021\036\313\000n\000h\000\040\000f\000i\000l\000e\000\040\000r\000u\000l\000e\000s}{section.5.6}% 58
\BOOKMARK [2][-]{subsection.5.6.3}{\376\377\000K\000i\036\303\000m\000\040\000t\000r\000a\000\040\000t\000o\000\340\000n\000\040\000v\036\271\000n\000\040\000h\036\307\000\040\000t\000h\036\321\000n\000g}{section.5.6}% 59
\BOOKMARK [2][-]{subsection.5.6.4}{\376\377\000K\000i\036\303\000m\000\040\000t\000r\000a\000\040\000v\000\340\000\040\000p\000h\000\341\000t\000\040\000h\000i\036\307\000n\000\040\000r\000o\000o\000t\000k\000i\000t}{section.5.6}% 60
\BOOKMARK [1][-]{section.5.7}{\376\377\000G\000i\000a\000o\000\040\000d\000i\036\307\000n\000\040\000w\000e\000b\000\040\000O\000S\000S\000E\000C\000\040\000-\000\040\000O\000S\000S\000E\000C\000\040\000W\000U\000I}{chapter.5}% 61
\BOOKMARK [2][-]{subsection.5.7.1}{\376\377\000P\000h\036\247\000n\000\040\000g\000i\036\333\000i\000\040\000t\000h\000i\036\307\000u}{section.5.7}% 62
\BOOKMARK [2][-]{subsection.5.7.2}{\376\377\000P\000h\036\247\000n\000\040\000c\000\340\000i\000\040\001\021\036\267\000t}{section.5.7}% 63
\BOOKMARK [2][-]{subsection.5.7.3}{\376\377\000T\000h\000\340\000n\000h\000\040\000p\000h\036\247\000n}{section.5.7}% 64
\BOOKMARK [0][-]{chapter.6}{\376\377\000P\000h\000\342\000n\000\040\000t\000\355\000c\000h\000\040\000v\000\340\000\040\000t\000h\000i\036\277\000t\000\040\000k\036\277\000\040\000h\036\307\000\040\000t\000h\036\321\000n\000g}{}% 65
\BOOKMARK [1][-]{section.6.1}{\376\377\000\335\000\040\000t\001\260\036\337\000n\000g\000\040\001\021\036\301\000\040\000x\000u\036\245\000t}{chapter.6}% 66
\BOOKMARK [1][-]{section.6.2}{\376\377\000C\000\341\000c\000h\000\040\000t\000h\000i\036\277\000t\000\040\000k\036\277\000\040\000h\036\307\000\040\000t\000h\036\321\000n\000g}{chapter.6}% 67
\BOOKMARK [2][-]{subsection.6.2.1}{\376\377\000N\000h\036\255\000n\000\040\000s\036\361\000\040\000k\000i\036\307\000n}{section.6.2}% 68
\BOOKMARK [2][-]{subsection.6.2.2}{\376\377\000P\000r\000e\000d\000e\000c\000o\000d\000e}{section.6.2}% 69
\BOOKMARK [2][-]{subsection.6.2.3}{\376\377\000D\000e\000c\000o\000d\000e}{section.6.2}% 70
\BOOKMARK [2][-]{subsection.6.2.4}{\376\377\000R\000u\000l\000e\000\040\000m\000a\000t\000c\000h\000i\000n\000g}{section.6.2}% 71
\BOOKMARK [2][-]{subsection.6.2.5}{\376\377\000C\000l\000u\000s\000t\000e\000r\000i\000n\000g\000\040\000M\000o\000d\000u\000l\000e}{section.6.2}% 72
\BOOKMARK [2][-]{subsection.6.2.6}{\376\377\000A\000l\000e\000r\000t\000i\000n\000g}{section.6.2}% 73
\BOOKMARK [1][-]{section.6.3}{\376\377\001\020\000\341\000n\000h\000\040\000g\000i\000\341\000\040\000h\036\307\000\040\000t\000h\036\321\000n\000g}{chapter.6}% 74
\BOOKMARK [0][-]{chapter.7}{\376\377\000K\036\277\000t\000\040\000l\000u\036\255\000n\000\040\000v\000\340\000\040\000h\001\260\036\333\000n\000g\000\040\000p\000h\000\341\000t\000\040\000t\000r\000i\036\303\000n}{}% 75
\BOOKMARK [0][-]{chapter*.5}{\376\377\000T\000\340\000i\000\040\000l\000i\003\043\000u\000\040\000t\000h\000a\000m\000\040\000k\000h\000a\000o}{}% 76
