\BOOKMARK [0][-]{Doc-Start}{\376\377\000L\036\335\000i\000\040\000c\000a\000m\000\040\000k\036\277\000t}{}% 1
\BOOKMARK [0][-]{Doc-Start}{\376\377\000L\036\335\000i\000\040\000c\036\243\000m\000\040\001\241\000n}{}% 2
\BOOKMARK [0][-]{Doc-Start}{\376\377\000L\036\335\000i\000\040\000g\000i\036\333\000i\000\040\000t\000h\000i\036\307\000u}{}% 3
\BOOKMARK [0][-]{chapter*.1}{\376\377\000M\036\345\000c\000\040\000l\036\345\000c}{}% 4
\BOOKMARK [0][-]{chapter*.2}{\376\377\000D\000a\000n\000h\000\040\000s\000\341\000c\000h\000\040\000h\000\354\000n\000h\000\040\000v\036\275}{}% 5
\BOOKMARK [0][-]{chapter*.3}{\376\377\000D\000a\000n\000h\000\040\000s\000\341\000c\000h\000\040\000b\000a\000n\000g}{}% 6
\BOOKMARK [0][-]{chapter*.4}{\376\377\000D\000a\000n\000h\000\040\000m\036\345\000c\000\040\000c\000h\036\357\000\040\000v\000i\036\277\000t\000\040\000t\036\257\000t}{}% 7
\BOOKMARK [0][-]{chapter.1}{\376\377\000G\000i\036\333\000i\000\040\000t\000h\000i\036\307\000u\000\040\001\021\036\301\000\040\000t\000\340\000i}{}% 8
\BOOKMARK [1][-]{section.1.1}{\376\377\000T\000\355\000n\000h\000\040\000c\036\245\000p\000\040\000t\000h\000i\036\277\000t\000\040\000c\036\347\000a\000\040\001\021\036\301\000\040\000t\000\340\000i}{chapter.1}% 9
\BOOKMARK [1][-]{section.1.2}{\376\377\001\020\036\267\000c\000\040\000t\036\243\000\040\001\021\036\301\000\040\000t\000\340\000i}{chapter.1}% 10
\BOOKMARK [1][-]{section.1.3}{\376\377\000M\036\345\000c\000\040\000t\000i\000\352\000u\000\040\000c\036\347\000a\000\040\001\021\036\301\000\040\000t\000\340\000i}{chapter.1}% 11
\BOOKMARK [1][-]{section.1.4}{\376\377\000P\000h\001\260\001\241\000n\000g\000\040\000p\000h\000\341\000p\000\040\000t\000h\036\361\000c\000\040\000h\000i\036\307\000n\000\040\001\021\036\301\000\040\000t\000\340\000i}{chapter.1}% 12
\BOOKMARK [1][-]{section.1.5}{\376\377\000B\036\321\000\040\000c\036\345\000c\000\040\000l\000u\036\255\000n\000\040\000v\001\003\000n}{chapter.1}% 13
\BOOKMARK [0][-]{chapter.2}{\376\377\000N\000h\036\357\000n\000g\000\040\000c\000\364\000n\000g\000\040\000t\000r\000\354\000n\000h\000\040\000l\000i\000\352\000n\000\040\000q\000u\000a\000n}{}% 14
\BOOKMARK [0][-]{chapter.3}{\376\377\000N\036\301\000n\000\040\000t\036\243\000n\000g\000\040\000l\000\375\000\040\000t\000h\000u\000y\036\277\000t}{}% 15
\BOOKMARK [1][-]{section.3.1}{\376\377\000B\000i\000t\000c\000o\000i\000n}{chapter.3}% 16
\BOOKMARK [2][-]{subsection.3.1.1}{\376\377\000M\000\341\000y\000\040\000c\000h\036\347\000\040\000n\000h\000\343\000n\000\040\000t\000h\036\335\000i\000\040\000g\000i\000a\000n\000\040\000-\000\040\000T\000i\000m\000e\000s\000t\000a\000m\000p\000\040\000S\000e\000r\000v\000e\000r}{section.3.1}% 17
\BOOKMARK [2][-]{subsection.3.1.2}{\376\377\000G\000i\000a\000o\000\040\000d\036\313\000c\000h\000\040\000-\000\040\000T\000r\000a\000n\000s\000a\000c\000t\000i\000o\000n\000\040\000\050\000t\000r\000\352\000n\000\040\000B\000l\000o\000c\000k\000c\000h\000a\000i\000n\000\051}{section.3.1}% 18
\BOOKMARK [2][-]{subsection.3.1.3}{\376\377\000P\000r\000o\000o\000f\000-\000o\000f\000-\000W\000o\000r\000k}{section.3.1}% 19
\BOOKMARK [2][-]{subsection.3.1.4}{\376\377\000B\000l\000o\000c\000k\000c\000h\000a\000i\000n}{section.3.1}% 20
\BOOKMARK [2][-]{subsection.3.1.5}{\376\377\000M\036\241\000n\000g\000\040\000-\000\040\000N\000e\000t\000w\000o\000r\000k}{section.3.1}% 21
\BOOKMARK [2][-]{subsection.3.1.6}{\376\377\000P\000h\036\247\000n\000\040\000t\000h\001\260\036\337\000n\000g\000\040\000k\000h\000\355\000c\000h\000\040\000l\036\307}{section.3.1}% 22
\BOOKMARK [2][-]{subsection.3.1.7}{\376\377\000T\036\325\000\040\000c\000h\036\351\000c\000\040\000l\001\260\000u\000\040\000t\000r\036\357\000\040\000t\000h\000\364\000n\000g\000\040\000t\000i\000n\000\040\000g\000i\000a\000o\000\040\000d\036\313\000c\000h}{section.3.1}% 23
\BOOKMARK [1][-]{section.3.2}{\376\377\000M\036\331\000t\000\040\000s\036\321\000\040\000k\000h\000\341\000i\000\040\000n\000i\036\307\000m\000\040\000v\036\301\000\040\000t\000\340\000i\000\040\000c\000h\000\355\000n\000h}{chapter.3}% 24
\BOOKMARK [2][-]{subsection.3.2.1}{\376\377\000P\000h\000i\000\352\000n\000\040\000g\000i\000a\000o\000\040\000d\036\313\000c\000h\000\040\000v\000\340\000\040\000c\000\341\000c\000\040\000g\000i\000\341\000\040\000t\000r\036\313\000\040\000c\001\241\000\040\000b\036\243\000n}{section.3.2}% 25
\BOOKMARK [2][-]{subsection.3.2.2}{\376\377\000O\000v\000e\000r\000b\000o\000u\000n\000g\000t\000\040\000v\000\340\000\040\000O\000v\000e\000r\000s\000o\000l\000d}{section.3.2}% 26
\BOOKMARK [2][-]{subsection.3.2.3}{\376\377\000C\000h\036\311\000\040\000s\036\321\000\040\000d\000a\000o\000\040\001\021\036\331\000n\000g\000\040\000n\000g\036\253\000u\000\040\000n\000h\000i\000\352\000n\000\040\000-\000\040\000S\000t\000o\000c\000h\000a\000s\000t\000i\000c\000\040\000O\000s\000c\000i\000l\000l\000a\000t\000o\000r}{section.3.2}% 27
\BOOKMARK [2][-]{subsection.3.2.4}{\376\377\000T\036\311\000\040\000l\036\307\000\040\000t\000h\000a\000y\000\040\001\021\036\325\000i\000\040\000-\000\040\000R\000a\000t\000e\000\040\000o\000f\000\040\000C\000h\000a\000n\000g\000e}{section.3.2}% 28
\BOOKMARK [1][-]{section.3.3}{\376\377\000M\000\341\000y\000\040\000h\036\315\000c}{chapter.3}% 29
\BOOKMARK [2][-]{subsection.3.3.1}{\376\377\000K\000h\000\341\000i\000\040\000n\000i\036\307\000m\000\040\000c\001\241\000\040\000b\036\243\000n}{section.3.3}% 30
\BOOKMARK [2][-]{subsection.3.3.2}{\376\377\000T\000h\000\364\000n\000g\000\040\000s\036\321\000\040\001\021\000\341\000n\000h\000\040\000g\000i\000\341}{section.3.3}% 31
\BOOKMARK [2][-]{subsection.3.3.3}{\376\377\000M\036\241\000n\000g\000\040\000n\000e\000u\000r\000a\000l\000\040\000-\000\040\000N\000e\000u\000r\000a\000l\000\040\000N\000e\000t\000w\000o\000r\000k}{section.3.3}% 32
\BOOKMARK [0][-]{chapter.4}{\376\377\000P\000h\000\342\000n\000\040\000t\000\355\000c\000h\000\040\000v\000\340\000\040\000t\000h\000i\036\277\000t\000\040\000k\036\277\000\040\000h\036\307\000\040\000t\000h\036\321\000n\000g}{}% 33
\BOOKMARK [1][-]{section.4.1}{\376\377\000X\000\342\000y\000\040\000d\036\361\000n\000g\000\040\000M\000N\000N}{chapter.4}% 34
\BOOKMARK [2][-]{subsection.4.1.1}{\376\377\000X\000\342\000y\000\040\000d\036\361\000n\000g\000\040\000d\036\357\000\040\000l\000i\036\307\000u\000\040\000l\000u\000y\036\307\000n\000\040\000t\036\255\000p}{section.4.1}% 35
\BOOKMARK [2][-]{subsection.4.1.2}{\376\377\000H\036\315\000c\000\040\000g\000i\036\243\000i\000\040\000t\000h\000u\036\255\000t}{section.4.1}% 36
\BOOKMARK [2][-]{subsection.4.1.3}{\376\377\001\020\000\341\000n\000h\000\040\000g\000i\000\341\000\040\000g\000i\036\243\000i\000\040\000t\000h\000u\036\255\000t}{section.4.1}% 37
\BOOKMARK [1][-]{section.4.2}{\376\377\000X\000\342\000y\000\040\000d\036\361\000n\000g\000\040\000h\036\307\000\040\000t\000h\036\321\000n\000g}{chapter.4}% 38
\BOOKMARK [2][-]{subsection.4.2.1}{\376\377\000T\036\325\000n\000g\000\040\000q\000u\000a\000n\000\040\000h\036\307\000\040\000t\000h\036\321\000n\000g}{section.4.2}% 39
\BOOKMARK [2][-]{subsection.4.2.2}{\376\377\000H\036\307\000\040\000t\000h\036\321\000n\000g\000\040\000m\000\341\000y\000\040\000c\000h\036\347\000\040\000m\000\341\000y\000\040\000h\036\315\000c}{section.4.2}% 40
\BOOKMARK [2][-]{subsection.4.2.3}{\376\377\000\040\000H\036\307\000\040\000t\000h\036\321\000n\000g\000\040\000m\000\341\000y\000\040\000c\000h\036\347\000\040\000b\000a\000c\000k\000e\000n\000d}{section.4.2}% 41
\BOOKMARK [2][-]{subsection.4.2.4}{\376\377\000H\036\307\000\040\000t\000h\036\321\000n\000g\000\040\000m\000\341\000y\000\040\000c\000h\036\347\000\040\000U\000I\000\040\000f\000r\000o\000n\000t\000e\000n\000d}{section.4.2}% 42
\BOOKMARK [0][-]{chapter.5}{\376\377\000K\036\277\000t\000\040\000l\000u\036\255\000n\000\040\000v\000\340\000\040\000h\001\260\036\333\000n\000g\000\040\000p\000h\000\341\000t\000\040\000t\000r\000i\036\303\000n}{}% 43
\BOOKMARK [1][-]{section.5.1}{\376\377\000K\036\277\000t\000\040\000l\000u\036\255\000n}{chapter.5}% 44
\BOOKMARK [1][-]{section.5.2}{\376\377\000H\001\260\036\333\000n\000g\000\040\000p\000h\000\341\000t\000\040\000t\000r\000i\036\303\000n}{chapter.5}% 45
\BOOKMARK [0][-]{chapter*.5}{\376\377\000T\000\340\000i\000\040\000l\000i\003\043\000u\000\040\000t\000h\000a\000m\000\040\000k\000h\000a\000o}{}% 46
